npm warn Unknown env config "devdir". This will stop working in the next major version of npm.

> saas-multi-segmento@0.1.0 db:push
> prisma db push

warn The configuration property `package.json#prisma` is deprecated and will be removed in Prisma 7. Please migrate to a Prisma config file (e.g., `prisma.config.ts`).
For more information, see: https://pris.ly/prisma-config

Environment variables loaded from .env
Prisma schema loaded from prisma\schema.prisma
Datasource "db": PostgreSQL database "neondb", schema "public" at "ep-noisy-tooth-ahu9bnhi.c-3.us-east-1.aws.neon.tech"

Your database is now in sync with your Prisma schema. Done in 11.51s

Running generate... (Use --skip-generate to skip the generators)
[2K[1A[2K[GRunning generate... - Prisma Client
[2K[1A[2K[G횚짙철 Generated Prisma Client (v6.19.3) to .\node_modules\@prisma\client in 351ms
횚철챤횚철횉횚철횉횚철횉횚철횉횚철횉횚철횉횚철횉횚철횉횚철횉횚철횉횚철횉횚철횉횚철횉횚철횉횚철횉횚철횉횚철횉횚철횉횚철횉횚철횉횚철횉횚철횉횚철횉횚철횉횚철횉횚철횉횚철횉횚철횉횚철횉횚철횉횚철횉횚철횉횚철횉횚철횉횚철횉횚철횉횚철횉횚철횉횚철횉횚철횉횚철횉횚철횉횚철횉횚철횉횚철횉횚철횉횚철횉횚철횉횚철횉횚철횉횚철횉횚철횉횚철횉횚철횉횚철횉횚철횉횚철횉횚철횋
횚철챕  Update available 6.19.3 -> 7.8.0                       횚철챕
횚철챕                                                         횚철챕
횚철챕  This is a major update - please follow the guide at    횚철챕
횚철챕  https://pris.ly/d/major-version-upgrade                횚철챕
횚철챕                                                         횚철챕
횚철챕  Run the following to update                            횚철챕
횚철챕    npm i --save-dev prisma@latest                       횚철챕
횚철챕    npm i @prisma/client@latest                          횚철챕
횚철철횚철횉횚철횉횚철횉횚철횉횚철횉횚철횉횚철횉횚철횉횚철횉횚철횉횚철횉횚철횉횚철횉횚철횉횚철횉횚철횉횚철횉횚철횉횚철횉횚철횉횚철횉횚철횉횚철횉횚철횉횚철횉횚철횉횚철횉횚철횉횚철횉횚철횉횚철횉횚철횉횚철횉횚철횉횚철횉횚철횉횚철횉횚철횉횚철횉횚철횉횚철횉횚철횉횚철횉횚철횉횚철횉횚철횉횚철횉횚철횉횚철횉횚철횉횚철횉횚철횉횚철횉횚철횉횚철횉횚철횉횚철횉횚철첼

